{"level":"\u001b[32minfo\u001b[39m","message":"{\"method\":\"GET\",\"url\":\"/\",\"status\":\"200\",\"responseTime\":\"3.399\"}","timestamp":"2026-03-22T21:14:07.273Z"}
{"level":"\u001b[32minfo\u001b[39m","message":"{\"method\":\"POST\",\"url\":\"/api\",\"status\":\"404\",\"responseTime\":\"0.880\"}","timestamp":"2026-03-22T21:14:11.066Z"}
{"level":"\u001b[32minfo\u001b[39m","message":"{\"method\":\"POST\",\"url\":\"/api\",\"status\":\"404\",\"responseTime\":\"1.971\"}","timestamp":"2026-03-22T21:14:42.559Z"}
{"level":"\u001b[32minfo\u001b[39m","message":"{\"method\":\"POST\",\"url\":\"/generateidea/api\",\"status\":\"404\",\"responseTime\":\"0.329\"}","timestamp":"2026-03-22T21:15:04.749Z"}
{"level":"\u001b[32minfo\u001b[39m","message":"{\"method\":\"POST\",\"url\":\"/generateplan/api\",\"status\":\"404\",\"responseTime\":\"0.217\"}","timestamp":"2026-03-22T21:15:34.112Z"}
{"level":"\u001b[32minfo\u001b[39m","message":"{\"method\":\"POST\",\"url\":\"/api\",\"status\":\"404\",\"responseTime\":\"0.427\"}","timestamp":"2026-03-22T21:15:45.708Z"}
{"level":"\u001b[32minfo\u001b[39m","message":"{\"method\":\"POST\",\"url\":\"/api/generateplan\",\"status\":\"201\",\"responseTime\":\"1776.501\"}","timestamp":"2026-03-22T21:16:27.334Z"}
{"level":"\u001b[32minfo\u001b[39m","message":"{\"method\":\"POST\",\"url\":\"/api/generateplan\",\"status\":\"201\",\"responseTime\":\"1254.628\"}","timestamp":"2026-03-22T21:18:03.747Z"}
{"level":"\u001b[32minfo\u001b[39m","message":"{\"method\":\"GET\",\"url\":\"/\",\"status\":\"200\",\"responseTime\":\"2.913\"}","timestamp":"2026-03-24T11:17:50.349Z"}
{"level":"\u001b[32minfo\u001b[39m","message":"{\"method\":\"POST\",\"url\":\"/api/generateplan\",\"status\":\"201\",\"responseTime\":\"2444.564\"}","timestamp":"2026-03-24T11:17:59.723Z"}
{"level":"\u001b[32minfo\u001b[39m","message":"{\"method\":\"POST\",\"url\":\"/api/generateplan\",\"status\":\"201\",\"responseTime\":\"3925.347\"}","timestamp":"2026-03-24T11:19:09.507Z"}
{"level":"\u001b[32minfo\u001b[39m","message":"{\"method\":\"POST\",\"url\":\"/api/generateplan\",\"status\":\"500\",\"responseTime\":\"3369.607\"}","timestamp":"2026-03-24T11:46:09.597Z"}
{"level":"\u001b[32minfo\u001b[39m","message":"{\"method\":\"POST\",\"url\":\"/api/generateplan\",\"status\":\"500\",\"responseTime\":\"3014.176\"}","timestamp":"2026-03-24T11:46:49.188Z"}
{"level":"\u001b[32minfo\u001b[39m","message":"{\"method\":\"POST\",\"url\":\"/api/generateplan\",\"status\":\"500\",\"responseTime\":\"5588.721\"}","timestamp":"2026-03-24T11:49:29.315Z"}
{"level":"\u001b[32minfo\u001b[39m","message":"{\"method\":\"POST\",\"url\":\"/api/generateplan\",\"status\":\"201\",\"responseTime\":\"4441.605\"}","timestamp":"2026-03-24T11:51:10.832Z"}
{"level":"\u001b[32minfo\u001b[39m","message":"{\"method\":\"POST\",\"url\":\"/api/generateplan\",\"status\":\"500\",\"responseTime\":\"15024.589\"}","timestamp":"2026-03-24T11:53:00.299Z"}
{"level":"\u001b[32minfo\u001b[39m","message":"{\"method\":\"POST\",\"url\":\"/api/generateplan\",\"status\":\"500\",\"responseTime\":\"10058.041\"}","timestamp":"2026-03-24T11:55:16.544Z"}
{"level":"\u001b[32minfo\u001b[39m","message":"{\"method\":\"POST\",\"url\":\"/api/generateplan\",\"status\":\"500\",\"responseTime\":\"4400.440\"}","timestamp":"2026-03-24T11:55:46.973Z"}
{"level":"\u001b[32minfo\u001b[39m","message":"{\"method\":\"POST\",\"url\":\"/api/generateplan\",\"status\":\"201\",\"responseTime\":\"2657.231\"}","timestamp":"2026-03-24T11:56:39.233Z"}
{"level":"\u001b[32minfo\u001b[39m","message":"{\"method\":\"POST\",\"url\":\"/api/generateplan\",\"status\":\"201\",\"responseTime\":\"9872.443\"}","timestamp":"2026-03-24T11:58:01.405Z"}
{"level":"\u001b[32minfo\u001b[39m","message":"{\"method\":\"POST\",\"url\":\"/api/generateplan\",\"status\":\"500\",\"responseTime\":\"7744.020\"}","timestamp":"2026-03-24T12:01:00.809Z"}
{"level":"\u001b[32minfo\u001b[39m","message":"{\"method\":\"POST\",\"url\":\"/api/generateplan\",\"status\":\"201\",\"responseTime\":\"8531.690\"}","timestamp":"2026-03-24T12:01:47.993Z"}
{"level":"\u001b[32minfo\u001b[39m","message":"{\"method\":\"POST\",\"url\":\"/api/generateplan\",\"status\":\"201\",\"responseTime\":\"2289.500\"}","timestamp":"2026-03-24T12:03:12.936Z"}
{"level":"\u001b[32minfo\u001b[39m","message":"{\"method\":\"POST\",\"url\":\"/api/generateplan\",\"status\":\"201\",\"responseTime\":\"2085.038\"}","timestamp":"2026-03-24T12:03:42.012Z"}
{"level":"\u001b[32minfo\u001b[39m","message":"{\"method\":\"POST\",\"url\":\"/api/generateplan\",\"status\":\"500\",\"responseTime\":\"3315.874\"}","timestamp":"2026-03-24T12:04:13.960Z"}
{"level":"\u001b[32minfo\u001b[39m","message":"{\"method\":\"POST\",\"url\":\"/api/generateplan\",\"status\":\"201\",\"responseTime\":\"3574.924\"}","timestamp":"2026-03-24T12:06:55.559Z"}
{"level":"\u001b[32minfo\u001b[39m","message":"{\"method\":\"POST\",\"url\":\"/api/generateplan\",\"status\":\"201\",\"responseTime\":\"1797.786\"}","timestamp":"2026-03-24T12:12:18.870Z"}
{"level":"\u001b[32minfo\u001b[39m","message":"{\"method\":\"GET\",\"url\":\"/\",\"status\":\"200\",\"responseTime\":\"3.228\"}","timestamp":"2026-03-25T10:26:00.742Z"}
{"level":"\u001b[32minfo\u001b[39m","message":"{\"method\":\"POST\",\"url\":\"/api/registerUser\",\"status\":\"500\",\"responseTime\":\"3.931\"}","timestamp":"2026-03-25T10:27:31.887Z"}
{"level":"\u001b[32minfo\u001b[39m","message":"{\"method\":\"POST\",\"url\":\"/api/registerUser\",\"status\":\"202\",\"responseTime\":\"205.302\"}","timestamp":"2026-03-25T10:30:00.867Z"}
{"level":"\u001b[32minfo\u001b[39m","message":"{\"method\":\"POST\",\"url\":\"/api/login\",\"status\":\"500\",\"responseTime\":\"35.743\"}","timestamp":"2026-03-25T10:32:44.398Z"}
{"level":"\u001b[32minfo\u001b[39m","message":"{\"method\":\"POST\",\"url\":\"/api/login\",\"status\":\"500\",\"responseTime\":\"89.701\"}","timestamp":"2026-03-25T10:33:08.600Z"}
{"level":"\u001b[32minfo\u001b[39m","message":"{\"method\":\"POST\",\"url\":\"/api/login\",\"status\":\"500\",\"responseTime\":\"115.531\"}","timestamp":"2026-03-25T10:37:42.319Z"}
{"level":"\u001b[32minfo\u001b[39m","message":"{\"method\":\"POST\",\"url\":\"/api/login\",\"status\":\"203\",\"responseTime\":\"111.474\"}","timestamp":"2026-03-25T10:39:43.233Z"}
{"level":"\u001b[32minfo\u001b[39m","message":"{\"method\":\"POST\",\"url\":\"/api/generateplan\",\"status\":\"500\",\"responseTime\":\"4457.087\"}","timestamp":"2026-03-25T10:40:35.291Z"}
{"level":"\u001b[32minfo\u001b[39m","message":"{\"method\":\"POST\",\"url\":\"/api/generateplan\",\"status\":\"500\",\"responseTime\":\"7678.100\"}","timestamp":"2026-03-25T10:41:54.431Z"}
{"level":"\u001b[32minfo\u001b[39m","message":"{\"method\":\"POST\",\"url\":\"/api/generateplan\",\"status\":\"500\",\"responseTime\":\"2450.446\"}","timestamp":"2026-03-25T10:42:37.448Z"}
{"level":"\u001b[32minfo\u001b[39m","message":"{\"method\":\"POST\",\"url\":\"/api/generateplan\",\"status\":\"201\",\"responseTime\":\"2326.100\"}","timestamp":"2026-03-25T10:43:00.527Z"}
{"level":"\u001b[32minfo\u001b[39m","message":"{\"method\":\"POST\",\"url\":\"/api/login\",\"status\":\"203\",\"responseTime\":\"126.134\"}","timestamp":"2026-03-25T10:51:13.110Z"}
{"level":"\u001b[32minfo\u001b[39m","message":"{\"method\":\"POST\",\"url\":\"/api/login\",\"status\":\"203\",\"responseTime\":\"139.278\"}","timestamp":"2026-03-25T10:53:37.809Z"}
{"level":"\u001b[32minfo\u001b[39m","message":"{\"method\":\"POST\",\"url\":\"/api/login\",\"status\":\"203\",\"responseTime\":\"137.700\"}","timestamp":"2026-03-25T10:54:01.553Z"}
{"level":"\u001b[32minfo\u001b[39m","message":"{\"method\":\"POST\",\"url\":\"/api/login\",\"status\":\"500\",\"responseTime\":\"101.404\"}","timestamp":"2026-03-25T10:55:56.886Z"}
{"level":"\u001b[32minfo\u001b[39m","message":"{\"method\":\"POST\",\"url\":\"/api/login\",\"status\":\"203\",\"responseTime\":\"111.679\"}","timestamp":"2026-03-25T10:56:35.474Z"}
{"level":"\u001b[32minfo\u001b[39m","message":"{\"method\":\"POST\",\"url\":\"/api/login\",\"status\":\"203\",\"responseTime\":\"128.694\"}","timestamp":"2026-03-25T11:01:10.042Z"}
{"level":"\u001b[32minfo\u001b[39m","message":"{\"method\":\"POST\",\"url\":\"/api/login\",\"status\":\"500\",\"responseTime\":\"3.142\"}","timestamp":"2026-03-25T11:05:36.552Z"}
{"level":"\u001b[32minfo\u001b[39m","message":"{\"method\":\"POST\",\"url\":\"/api/login\",\"status\":\"500\",\"responseTime\":\"3.270\"}","timestamp":"2026-03-25T11:06:17.444Z"}
{"level":"\u001b[32minfo\u001b[39m","message":"{\"method\":\"POST\",\"url\":\"/api/login\",\"status\":\"500\",\"responseTime\":\"111.270\"}","timestamp":"2026-03-25T11:06:29.618Z"}
{"level":"\u001b[32minfo\u001b[39m","message":"{\"method\":\"POST\",\"url\":\"/api/login\",\"status\":\"500\",\"responseTime\":\"124.922\"}","timestamp":"2026-03-25T11:07:14.004Z"}
{"level":"\u001b[32minfo\u001b[39m","message":"{\"method\":\"POST\",\"url\":\"/api/login\",\"status\":\"500\",\"responseTime\":\"110.195\"}","timestamp":"2026-03-25T11:08:21.084Z"}
{"level":"\u001b[32minfo\u001b[39m","message":"{\"method\":\"POST\",\"url\":\"/api/login\",\"status\":\"500\",\"responseTime\":\"146.553\"}","timestamp":"2026-03-25T11:15:49.175Z"}
{"level":"\u001b[32minfo\u001b[39m","message":"{\"method\":\"POST\",\"url\":\"/api/login\",\"status\":\"500\",\"responseTime\":\"115.293\"}","timestamp":"2026-03-25T11:16:31.595Z"}
{"level":"\u001b[32minfo\u001b[39m","message":"{\"method\":\"POST\",\"url\":\"/api/login\",\"status\":\"500\",\"responseTime\":\"108.573\"}","timestamp":"2026-03-25T11:16:58.022Z"}
{"level":"\u001b[32minfo\u001b[39m","message":"{\"method\":\"POST\",\"url\":\"/api/login\",\"status\":\"500\",\"responseTime\":\"134.892\"}","timestamp":"2026-03-25T11:17:22.789Z"}
{"level":"\u001b[32minfo\u001b[39m","message":"{\"method\":\"POST\",\"url\":\"/api/login\",\"status\":\"500\",\"responseTime\":\"132.551\"}","timestamp":"2026-03-25T11:18:14.530Z"}
{"level":"\u001b[32minfo\u001b[39m","message":"{\"method\":\"POST\",\"url\":\"/api/login\",\"status\":\"500\",\"responseTime\":\"125.088\"}","timestamp":"2026-03-25T11:18:52.910Z"}
{"level":"\u001b[32minfo\u001b[39m","message":"{\"method\":\"POST\",\"url\":\"/api/login\",\"status\":\"500\",\"responseTime\":\"124.643\"}","timestamp":"2026-03-25T11:20:15.990Z"}
{"level":"\u001b[32minfo\u001b[39m","message":"{\"method\":\"POST\",\"url\":\"/api/login\",\"status\":\"500\",\"responseTime\":\"134.933\"}","timestamp":"2026-03-25T11:20:37.421Z"}
{"level":"\u001b[32minfo\u001b[39m","message":"{\"method\":\"POST\",\"url\":\"/api/login\",\"status\":\"500\",\"responseTime\":\"112.833\"}","timestamp":"2026-03-25T11:21:31.374Z"}
{"level":"\u001b[32minfo\u001b[39m","message":"{\"method\":\"POST\",\"url\":\"/api/login\",\"status\":\"203\",\"responseTime\":\"140.482\"}","timestamp":"2026-03-25T11:23:50.388Z"}
{"level":"\u001b[32minfo\u001b[39m","message":"{\"method\":\"POST\",\"url\":\"/api/login\",\"status\":\"203\",\"responseTime\":\"147.074\"}","timestamp":"2026-03-25T11:24:56.226Z"}
{"level":"\u001b[32minfo\u001b[39m","message":"{\"method\":\"POST\",\"url\":\"/api/login\",\"status\":\"203\",\"responseTime\":\"137.057\"}","timestamp":"2026-03-25T11:25:40.516Z"}
{"level":"\u001b[32minfo\u001b[39m","message":"{\"method\":\"POST\",\"url\":\"/api/login\",\"status\":\"203\",\"responseTime\":\"128.525\"}","timestamp":"2026-03-25T11:26:43.095Z"}
{"level":"\u001b[32minfo\u001b[39m","message":"{\"method\":\"POST\",\"url\":\"/api/login\",\"status\":\"203\",\"responseTime\":\"116.398\"}","timestamp":"2026-03-25T11:27:07.202Z"}
{"level":"\u001b[32minfo\u001b[39m","message":"{\"method\":\"POST\",\"url\":\"/api/login\",\"status\":\"203\",\"responseTime\":\"126.338\"}","timestamp":"2026-03-25T11:33:04.868Z"}
{"level":"\u001b[32minfo\u001b[39m","message":"{\"method\":\"POST\",\"url\":\"/api/login\",\"status\":\"203\",\"responseTime\":\"121.118\"}","timestamp":"2026-03-25T11:33:32.990Z"}
{"level":"\u001b[32minfo\u001b[39m","message":"{\"method\":\"POST\",\"url\":\"/api/login\",\"status\":\"203\",\"responseTime\":\"130.270\"}","timestamp":"2026-03-25T11:34:03.286Z"}
{"level":"\u001b[32minfo\u001b[39m","message":"{\"method\":\"POST\",\"url\":\"/api/login\",\"status\":\"203\",\"responseTime\":\"143.721\"}","timestamp":"2026-03-25T11:34:29.953Z"}
{"level":"\u001b[32minfo\u001b[39m","message":"{\"method\":\"POST\",\"url\":\"/api/login\",\"status\":\"500\",\"responseTime\":\"111.810\"}","timestamp":"2026-03-25T11:34:58.986Z"}
{"level":"\u001b[32minfo\u001b[39m","message":"{\"method\":\"POST\",\"url\":\"/api/login\",\"status\":\"203\",\"responseTime\":\"130.906\"}","timestamp":"2026-03-25T11:35:22.432Z"}
{"level":"\u001b[32minfo\u001b[39m","message":"{\"method\":\"POST\",\"url\":\"/api/login\",\"status\":\"203\",\"responseTime\":\"145.518\"}","timestamp":"2026-03-25T11:36:19.718Z"}
{"level":"\u001b[32minfo\u001b[39m","message":"{\"method\":\"POST\",\"url\":\"/api/login\",\"status\":\"203\",\"responseTime\":\"134.901\"}","timestamp":"2026-03-25T11:37:07.635Z"}
{"level":"\u001b[32minfo\u001b[39m","message":"{\"method\":\"POST\",\"url\":\"/api/login\",\"status\":\"203\",\"responseTime\":\"155.796\"}","timestamp":"2026-03-25T11:38:36.685Z"}
{"level":"\u001b[32minfo\u001b[39m","message":"{\"method\":\"POST\",\"url\":\"/api/login\",\"status\":\"203\",\"responseTime\":\"113.170\"}","timestamp":"2026-03-25T11:38:42.609Z"}
{"level":"\u001b[32minfo\u001b[39m","message":"{\"method\":\"POST\",\"url\":\"/api/login\",\"status\":\"203\",\"responseTime\":\"132.207\"}","timestamp":"2026-03-25T11:38:44.657Z"}
{"level":"\u001b[32minfo\u001b[39m","message":"{\"method\":\"POST\",\"url\":\"/api/login\",\"status\":\"-\",\"responseTime\":\"-\"}","timestamp":"2026-03-25T11:42:23.293Z"}
{"level":"\u001b[32minfo\u001b[39m","message":"{\"method\":\"GET\",\"url\":\"/\",\"status\":\"-\",\"responseTime\":\"-\"}","timestamp":"2026-03-25T11:52:14.593Z"}
{"level":"\u001b[32minfo\u001b[39m","message":"{\"method\":\"GET\",\"url\":\"/\",\"status\":\"-\",\"responseTime\":\"-\"}","timestamp":"2026-03-25T11:52:48.431Z"}
{"level":"\u001b[32minfo\u001b[39m","message":"{\"method\":\"GET\",\"url\":\"/\",\"status\":\"-\",\"responseTime\":\"-\"}","timestamp":"2026-03-25T11:57:32.552Z"}
{"level":"\u001b[32minfo\u001b[39m","message":"{\"method\":\"GET\",\"url\":\"/\",\"status\":\"-\",\"responseTime\":\"-\"}","timestamp":"2026-03-25T11:59:54.011Z"}
{"level":"\u001b[32minfo\u001b[39m","message":"{\"method\":\"GET\",\"url\":\"/\",\"status\":\"200\",\"responseTime\":\"2.829\"}","timestamp":"2026-03-25T12:01:09.091Z"}
{"level":"\u001b[32minfo\u001b[39m","message":"{\"method\":\"GET\",\"url\":\"/favicon.ico\",\"status\":\"404\",\"responseTime\":\"1.420\"}","timestamp":"2026-03-25T12:01:09.218Z"}
{"level":"\u001b[32minfo\u001b[39m","message":"{\"method\":\"GET\",\"url\":\"/\",\"status\":\"200\",\"responseTime\":\"0.235\"}","timestamp":"2026-03-25T12:01:15.078Z"}
{"level":"\u001b[32minfo\u001b[39m","message":"{\"method\":\"GET\",\"url\":\"/\",\"status\":\"200\",\"responseTime\":\"1.825\"}","timestamp":"2026-03-25T12:01:40.706Z"}
{"level":"\u001b[32minfo\u001b[39m","message":"{\"method\":\"GET\",\"url\":\"/\",\"status\":\"200\",\"responseTime\":\"1.421\"}","timestamp":"2026-03-25T12:02:11.065Z"}
{"level":"\u001b[32minfo\u001b[39m","message":"{\"method\":\"POST\",\"url\":\"/api/login\",\"status\":\"203\",\"responseTime\":\"205.218\"}","timestamp":"2026-03-25T12:02:15.856Z"}
{"level":"\u001b[32minfo\u001b[39m","message":"{\"method\":\"POST\",\"url\":\"/api/generateplan\",\"status\":\"500\",\"responseTime\":\"1.690\"}","timestamp":"2026-03-25T12:02:34.266Z"}
{"level":"\u001b[32minfo\u001b[39m","message":"{\"method\":\"POST\",\"url\":\"/api/generateplan\",\"status\":\"500\",\"responseTime\":\"3.657\"}","timestamp":"2026-03-25T12:03:12.866Z"}
{"level":"\u001b[32minfo\u001b[39m","message":"{\"method\":\"POST\",\"url\":\"/api/generateplan\",\"status\":\"500\",\"responseTime\":\"0.572\"}","timestamp":"2026-03-25T12:03:14.088Z"}
{"level":"\u001b[32minfo\u001b[39m","message":"{\"method\":\"POST\",\"url\":\"/api/logout\",\"status\":\"404\",\"responseTime\":\"1.361\"}","timestamp":"2026-03-25T12:04:24.428Z"}
{"level":"\u001b[32minfo\u001b[39m","message":"{\"method\":\"POST\",\"url\":\"/api/logout\",\"status\":\"404\",\"responseTime\":\"0.354\"}","timestamp":"2026-03-25T12:04:50.058Z"}
{"level":"\u001b[32minfo\u001b[39m","message":"{\"method\":\"GET\",\"url\":\"/api/logout\",\"status\":\"500\",\"responseTime\":\"0.385\"}","timestamp":"2026-03-25T12:04:56.022Z"}
{"level":"\u001b[32minfo\u001b[39m","message":"{\"method\":\"GET\",\"url\":\"/api/logout\",\"status\":\"500\",\"responseTime\":\"4.794\"}","timestamp":"2026-03-25T12:07:01.053Z"}
{"level":"\u001b[32minfo\u001b[39m","message":"{\"method\":\"POST\",\"url\":\"/api/login\",\"status\":\"203\",\"responseTime\":\"229.991\"}","timestamp":"2026-03-25T12:09:40.328Z"}
{"level":"\u001b[32minfo\u001b[39m","message":"{\"method\":\"GET\",\"url\":\"/api/logout\",\"status\":\"203\",\"responseTime\":\"61.880\"}","timestamp":"2026-03-25T12:09:47.196Z"}
{"level":"\u001b[32minfo\u001b[39m","message":"{\"method\":\"POST\",\"url\":\"/api/login\",\"status\":\"203\",\"responseTime\":\"172.449\"}","timestamp":"2026-03-25T12:09:53.201Z"}
{"level":"\u001b[32minfo\u001b[39m","message":"{\"method\":\"POST\",\"url\":\"/api/generateplan\",\"status\":\"500\",\"responseTime\":\"2141.222\"}","timestamp":"2026-03-25T12:09:58.595Z"}
{"level":"\u001b[32minfo\u001b[39m","message":"{\"method\":\"POST\",\"url\":\"/api/generateplan\",\"status\":\"500\",\"responseTime\":\"2168.223\"}","timestamp":"2026-03-25T12:11:14.254Z"}
{"level":"\u001b[32minfo\u001b[39m","message":"{\"method\":\"POST\",\"url\":\"/api/generateplan\",\"status\":\"500\",\"responseTime\":\"2193.012\"}","timestamp":"2026-03-25T12:11:17.144Z"}
{"level":"\u001b[32minfo\u001b[39m","message":"{\"method\":\"POST\",\"url\":\"/api/generateplan\",\"status\":\"201\",\"responseTime\":\"4814.308\"}","timestamp":"2026-03-25T12:11:32.330Z"}
{"level":"\u001b[32minfo\u001b[39m","message":"{\"method\":\"POST\",\"url\":\"/api/generateplan\",\"status\":\"500\",\"responseTime\":\"74.888\"}","timestamp":"2026-03-25T12:13:21.251Z"}
{"level":"\u001b[32minfo\u001b[39m","message":"{\"method\":\"POST\",\"url\":\"/api/generateplan\",\"status\":\"500\",\"responseTime\":\"6809.285\"}","timestamp":"2026-03-25T12:14:08.046Z"}
{"level":"\u001b[32minfo\u001b[39m","message":"{\"method\":\"POST\",\"url\":\"/api/generateplan\",\"status\":\"500\",\"responseTime\":\"5793.927\"}","timestamp":"2026-03-25T12:14:44.923Z"}
{"level":"\u001b[32minfo\u001b[39m","message":"{\"method\":\"POST\",\"url\":\"/api/generateplan?Authorization=Bearer%20eyJhbGciOiJIUzI1NiIsInR5cCI6IkpXVCJ9.eyJfaWQiOiI2OWMzYjkyODI3ZjM3NDIzNGI0ZDVmOTEiLCJlbWFpbCI6ImphaXN3YWxAZ21haWwuY29tIiwidXNlcm5hbWUiOiJmcnVzdHJhdGVkR3V5IiwiaWF0IjoxNzc0NDQwNTkzLCJleHAiOjE3NzQ1MjY5OTN9.wUVm3e5cAJK8HHKLhwlOBcV7f8Vf4XU_ahiUe2U6m5c\",\"status\":\"500\",\"responseTime\":\"4360.906\"}","timestamp":"2026-03-25T12:16:24.834Z"}
{"level":"\u001b[32minfo\u001b[39m","message":"{\"method\":\"POST\",\"url\":\"/api/generateplan?Authorization=Bearer%20eyJhbGciOiJIUzI1NiIsInR5cCI6IkpXVCJ9.eyJfaWQiOiI2OWMzYjkyODI3ZjM3NDIzNGI0ZDVmOTEiLCJlbWFpbCI6ImphaXN3YWxAZ21haWwuY29tIiwidXNlcm5hbWUiOiJmcnVzdHJhdGVkR3V5IiwiaWF0IjoxNzc0NDQwNTkzLCJleHAiOjE3NzQ1MjY5OTN9.wUVm3e5cAJK8HHKLhwlOBcV7f8Vf4XU_ahiUe2U6m5c\",\"status\":\"500\",\"responseTime\":\"7626.110\"}","timestamp":"2026-03-25T12:17:15.105Z"}
{"level":"\u001b[32minfo\u001b[39m","message":"{\"method\":\"GET\",\"url\":\"/api/logout\",\"status\":\"203\",\"responseTime\":\"77.006\"}","timestamp":"2026-03-25T12:18:33.240Z"}
{"level":"\u001b[32minfo\u001b[39m","message":"{\"method\":\"POST\",\"url\":\"/api/login\",\"status\":\"203\",\"responseTime\":\"198.135\"}","timestamp":"2026-03-25T12:18:40.423Z"}
{"level":"\u001b[32minfo\u001b[39m","message":"{\"method\":\"POST\",\"url\":\"/api/generateplan\",\"status\":\"500\",\"responseTime\":\"2357.453\"}","timestamp":"2026-03-25T12:21:42.308Z"}
{"level":"\u001b[32minfo\u001b[39m","message":"{\"method\":\"POST\",\"url\":\"/api/generateplan\",\"status\":\"201\",\"responseTime\":\"5428.904\"}","timestamp":"2026-03-25T12:23:26.009Z"}
{"level":"\u001b[32minfo\u001b[39m","message":"{\"method\":\"POST\",\"url\":\"/api/generateplan\",\"status\":\"201\",\"responseTime\":\"2096.053\"}","timestamp":"2026-03-25T12:24:40.890Z"}
{"level":"\u001b[32minfo\u001b[39m","message":"{\"method\":\"POST\",\"url\":\"/api/registerUser\",\"status\":\"202\",\"responseTime\":\"279.185\"}","timestamp":"2026-03-25T12:27:41.842Z"}
{"level":"\u001b[32minfo\u001b[39m","message":"{\"method\":\"POST\",\"url\":\"/api/login\",\"status\":\"203\",\"responseTime\":\"170.341\"}","timestamp":"2026-03-25T12:27:47.591Z"}
{"level":"\u001b[32minfo\u001b[39m","message":"{\"method\":\"POST\",\"url\":\"/api/generateplan\",\"status\":\"201\",\"responseTime\":\"3751.746\"}","timestamp":"2026-03-25T12:28:06.964Z"}
{"level":"\u001b[32minfo\u001b[39m","message":"{\"method\":\"POST\",\"url\":\"/api/registerUser\",\"status\":\"202\",\"responseTime\":\"478.268\"}","timestamp":"2026-03-25T17:03:00.615Z"}
{"level":"\u001b[32minfo\u001b[39m","message":"{\"method\":\"POST\",\"url\":\"/api/login\",\"status\":\"203\",\"responseTime\":\"358.056\"}","timestamp":"2026-03-25T17:04:35.528Z"}
{"level":"\u001b[32minfo\u001b[39m","message":"{\"method\":\"POST\",\"url\":\"/api/generateplan\",\"status\":\"201\",\"responseTime\":\"4729.732\"}","timestamp":"2026-03-25T17:05:24.359Z"}
{"level":"\u001b[32minfo\u001b[39m","message":"{\"method\":\"POST\",\"url\":\"/api/generateplan\",\"status\":\"201\",\"responseTime\":\"8289.330\"}","timestamp":"2026-03-25T17:05:52.166Z"}
{"level":"\u001b[32minfo\u001b[39m","message":"{\"method\":\"POST\",\"url\":\"/api/registerUser\",\"status\":\"500\",\"responseTime\":\"52.388\"}","timestamp":"2026-03-27T18:56:08.774Z"}
{"level":"\u001b[32minfo\u001b[39m","message":"{\"method\":\"POST\",\"url\":\"/api/registerUser\",\"status\":\"500\",\"responseTime\":\"31.086\"}","timestamp":"2026-03-27T18:56:47.036Z"}
{"level":"\u001b[32minfo\u001b[39m","message":"{\"method\":\"POST\",\"url\":\"/api/registerUser\",\"status\":\"202\",\"responseTime\":\"204.049\"}","timestamp":"2026-03-27T18:57:35.379Z"}
{"level":"\u001b[32minfo\u001b[39m","message":"{\"method\":\"POST\",\"url\":\"/api/login\",\"status\":\"203\",\"responseTime\":\"207.794\"}","timestamp":"2026-03-27T18:57:44.117Z"}
{"level":"\u001b[32minfo\u001b[39m","message":"{\"method\":\"POST\",\"url\":\"/api/generateplan\",\"status\":\"500\",\"responseTime\":\"1250.016\"}","timestamp":"2026-03-27T18:58:26.220Z"}
{"level":"\u001b[32minfo\u001b[39m","message":"{\"method\":\"POST\",\"url\":\"/api/login\",\"status\":\"500\",\"responseTime\":\"28.660\"}","timestamp":"2026-03-27T18:58:55.288Z"}
{"level":"\u001b[32minfo\u001b[39m","message":"{\"method\":\"POST\",\"url\":\"/api/login\",\"status\":\"203\",\"responseTime\":\"202.637\"}","timestamp":"2026-03-27T18:59:09.576Z"}
{"level":"\u001b[32minfo\u001b[39m","message":"{\"method\":\"POST\",\"url\":\"/api/generateplan\",\"status\":\"201\",\"responseTime\":\"3674.969\"}","timestamp":"2026-03-27T18:59:21.449Z"}
{"level":"\u001b[32minfo\u001b[39m","message":"{\"method\":\"POST\",\"url\":\"/api/generateplan\",\"status\":\"500\",\"responseTime\":\"1023.064\"}","timestamp":"2026-03-27T19:00:06.780Z"}
{"level":"\u001b[32minfo\u001b[39m","message":"{\"method\":\"POST\",\"url\":\"/api/generateplan\",\"status\":\"201\",\"responseTime\":\"4776.492\"}","timestamp":"2026-03-27T19:00:46.631Z"}
{"level":"\u001b[32minfo\u001b[39m","message":"{\"method\":\"GET\",\"url\":\"/api/logout\",\"status\":\"203\",\"responseTime\":\"70.788\"}","timestamp":"2026-03-27T19:00:55.482Z"}
{"level":"\u001b[32minfo\u001b[39m","message":"{\"method\":\"POST\",\"url\":\"/api/login\",\"status\":\"203\",\"responseTime\":\"220.276\"}","timestamp":"2026-03-27T19:04:07.945Z"}
{"level":"\u001b[32minfo\u001b[39m","message":"{\"method\":\"POST\",\"url\":\"/api/login\",\"status\":\"203\",\"responseTime\":\"242.714\"}","timestamp":"2026-03-27T19:11:02.575Z"}
{"level":"\u001b[32minfo\u001b[39m","message":"{\"method\":\"POST\",\"url\":\"/api/generateplan\",\"status\":\"500\",\"responseTime\":\"283.039\"}","timestamp":"2026-03-27T19:11:20.350Z"}
{"level":"\u001b[32minfo\u001b[39m","message":"{\"method\":\"POST\",\"url\":\"/api/generateplan\",\"status\":\"500\",\"responseTime\":\"107.987\"}","timestamp":"2026-03-27T19:11:56.112Z"}
{"level":"\u001b[32minfo\u001b[39m","message":"{\"method\":\"POST\",\"url\":\"/api/generateplan\",\"status\":\"500\",\"responseTime\":\"132.779\"}","timestamp":"2026-03-27T19:12:46.159Z"}
{"level":"\u001b[32minfo\u001b[39m","message":"{\"method\":\"POST\",\"url\":\"/api/login\",\"status\":\"203\",\"responseTime\":\"211.856\"}","timestamp":"2026-03-27T19:12:53.771Z"}
{"level":"\u001b[32minfo\u001b[39m","message":"{\"method\":\"POST\",\"url\":\"/api/generateplan\",\"status\":\"500\",\"responseTime\":\"95.749\"}","timestamp":"2026-03-27T19:13:00.362Z"}
{"level":"\u001b[32minfo\u001b[39m","message":"{\"method\":\"POST\",\"url\":\"/api/generateplan\",\"status\":\"500\",\"responseTime\":\"370.286\"}","timestamp":"2026-03-27T19:18:32.736Z"}
{"level":"\u001b[32minfo\u001b[39m","message":"{\"method\":\"POST\",\"url\":\"/api/login\",\"status\":\"203\",\"responseTime\":\"478.080\"}","timestamp":"2026-03-27T19:26:58.988Z"}
{"level":"\u001b[32minfo\u001b[39m","message":"{\"method\":\"POST\",\"url\":\"/api/generateplan\",\"status\":\"500\",\"responseTime\":\"287.535\"}","timestamp":"2026-03-27T19:27:02.786Z"}
{"level":"\u001b[32minfo\u001b[39m","message":"{\"method\":\"POST\",\"url\":\"/api/generateplan\",\"status\":\"500\",\"responseTime\":\"197.086\"}","timestamp":"2026-03-27T19:30:47.105Z"}
{"level":"\u001b[32minfo\u001b[39m","message":"{\"method\":\"POST\",\"url\":\"/api/generateplan\",\"status\":\"201\",\"responseTime\":\"10517.983\"}","timestamp":"2026-03-27T19:31:13.627Z"}
